info it worked if it ends with ok
verbose cli [ 'D:\\PortableTools\\node\\\\node.exe',
verbose cli   'D:\\PortableTools\\node\\node_modules\\npm\\bin\\npm-cli.js',
verbose cli   'publish' ]
info using npm@1.1.16
info using node@v0.6.14
verbose D:\PortableTools\node\\node.exe node symlink
verbose config file D:\Workspace\.npmrc
verbose config file D:\PortableTools\node\etc\npmrc
verbose config file D:\PortableTools\node\node_modules\npm\npmrc
verbose publish [ '.' ]
verbose cache add [ '.', null ]
silly cache add: name, spec, args [ undefined, '.', [ '.', null ] ]
verbose parsed url { pathname: '.', path: '.', href: '.' }
ERR! Could not install: .
ERR! Failed to parse json
ERR! Unexpected token }
ERR! File: package.json
ERR! JSON.parse Failed to parse package.json data.
ERR! JSON.parse package.json must be actual JSON, not just JavaScript.
ERR! JSON.parse This is not a bug in npm.
ERR! JSON.parse Tell the package author to fix their package.json file.
ERR! 
ERR! System Windows_NT 6.1.7601
ERR! command "D:\\PortableTools\\node\\\\node.exe" "D:\\PortableTools\\node\\node_modules\\npm\\bin\\npm-cli.js" "publish"
ERR! cwd D:\Workspace\couchapps\_caevents
ERR! node -v v0.6.14
ERR! npm -v 1.1.16
ERR! file package.json
ERR! code EJSONPARSE
ERR! message Failed to parse json
ERR! message Unexpected token }
ERR! errno {}
verbose exit [ 1, true ]
